<?xml version="1.0" encoding="UTF-8"?>
<coverage generated="1782672825493" clover="3.2.0">
  <project timestamp="1782672825493" name="All files">
    <metrics statements="15" coveredstatements="14" conditionals="10" coveredconditionals="9" methods="3" coveredmethods="3" elements="28" coveredelements="26" complexity="0" loc="15" ncloc="15" packages="1" files="2" classes="2"/>
    <file name="compare.js" path="C:\pr\college\frontend-project-46\src\compare.js">
      <metrics statements="12" coveredstatements="11" conditionals="10" coveredconditionals="9" methods="2" coveredmethods="2"/>
      <line num="5" count="1" type="stmt"/>
      <line num="6" count="1" type="stmt"/>
      <line num="7" count="1" type="stmt"/>
      <line num="9" count="1" type="stmt"/>
      <line num="11" count="5" type="cond" truecount="4" falsecount="0"/>
      <line num="12" count="2" type="stmt"/>
      <line num="15" count="3" type="cond" truecount="4" falsecount="0"/>
      <line num="16" count="2" type="stmt"/>
      <line num="19" count="1" type="cond" truecount="1" falsecount="1"/>
      <line num="20" count="1" type="stmt"/>
      <line num="23" count="0" type="stmt"/>
      <line num="26" count="1" type="stmt"/>
    </file>
    <file name="parse.js" path="C:\pr\college\frontend-project-46\src\parse.js">
      <metrics statements="3" coveredstatements="3" conditionals="0" coveredconditionals="0" methods="1" coveredmethods="1"/>
      <line num="6" count="2" type="stmt"/>
      <line num="7" count="2" type="stmt"/>
      <line num="9" count="2" type="stmt"/>
    </file>
  </project>
</coverage>
